Started GET "/" for ::1 at 2022-04-26 13:00:12 -0300
Processing by Rails::WelcomeController#index as HTML
  Rendering /home/sj1978/.rbenv/versions/3.0.0/lib/ruby/gems/3.0.0/gems/railties-7.0.2.3/lib/rails/templates/rails/welcome/index.html.erb
  Rendered /home/sj1978/.rbenv/versions/3.0.0/lib/ruby/gems/3.0.0/gems/railties-7.0.2.3/lib/rails/templates/rails/welcome/index.html.erb (Duration: 12.2ms | Allocations: 733)
Completed 200 OK in 23ms (Views: 15.5ms | ActiveRecord: 0.0ms | Allocations: 6916)


Started GET "/" for ::1 at 2022-04-26 13:00:13 -0300
Processing by Rails::WelcomeController#index as HTML
  Rendering /home/sj1978/.rbenv/versions/3.0.0/lib/ruby/gems/3.0.0/gems/railties-7.0.2.3/lib/rails/templates/rails/welcome/index.html.erb
  Rendered /home/sj1978/.rbenv/versions/3.0.0/lib/ruby/gems/3.0.0/gems/railties-7.0.2.3/lib/rails/templates/rails/welcome/index.html.erb (Duration: 0.8ms | Allocations: 369)
Completed 200 OK in 2ms (Views: 1.7ms | ActiveRecord: 0.0ms | Allocations: 1241)


Started GET "/" for ::1 at 2022-04-26 13:00:19 -0300
Processing by Rails::WelcomeController#index as HTML
  Rendering /home/sj1978/.rbenv/versions/3.0.0/lib/ruby/gems/3.0.0/gems/railties-7.0.2.3/lib/rails/templates/rails/welcome/index.html.erb
  Rendered /home/sj1978/.rbenv/versions/3.0.0/lib/ruby/gems/3.0.0/gems/railties-7.0.2.3/lib/rails/templates/rails/welcome/index.html.erb (Duration: 0.1ms | Allocations: 24)
Completed 200 OK in 1ms (Views: 0.6ms | ActiveRecord: 0.0ms | Allocations: 299)


Started GET "/" for ::1 at 2022-04-26 13:05:39 -0300
Processing by Rails::WelcomeController#index as HTML
  Rendering /home/sj1978/.rbenv/versions/3.0.0/lib/ruby/gems/3.0.0/gems/railties-7.0.2.3/lib/rails/templates/rails/welcome/index.html.erb
  Rendered /home/sj1978/.rbenv/versions/3.0.0/lib/ruby/gems/3.0.0/gems/railties-7.0.2.3/lib/rails/templates/rails/welcome/index.html.erb (Duration: 0.9ms | Allocations: 629)
Completed 200 OK in 6ms (Views: 2.5ms | ActiveRecord: 0.0ms | Allocations: 5653)


Started GET "/" for ::1 at 2022-04-26 13:44:25 -0300
Processing by UsersController#index as HTML
  Rendering layout layouts/application.html.erb
  Rendering users/index.html.erb within layouts/application
  Rendered users/index.html.erb within layouts/application (Duration: 0.6ms | Allocations: 345)
  Rendered layout layouts/application.html.erb (Duration: 306.6ms | Allocations: 90976)
Completed 200 OK in 312ms (Views: 308.3ms | ActiveRecord: 0.0ms | Allocations: 96163)


Started GET "/" for ::1 at 2022-04-26 13:45:07 -0300
Processing by UsersController#index as HTML
  Rendering layout layouts/application.html.erb
  Rendering users/index.html.erb within layouts/application
  Rendered users/index.html.erb within layouts/application (Duration: 0.4ms | Allocations: 124)
  Rendered layout layouts/application.html.erb (Duration: 4.5ms | Allocations: 2718)
Completed 200 OK in 7ms (Views: 6.2ms | ActiveRecord: 0.0ms | Allocations: 3738)


Started GET "/" for ::1 at 2022-04-26 13:48:28 -0300
  
SyntaxError (/home/sj1978/Desktop/blogger/blogger-rails/config/routes.rb:3: syntax error, unexpected local variable or method, expecting `end'
get 'users' to: 'users#index'
            ^~
):
  
config/routes.rb:3: syntax error, unexpected local variable or method, expecting `end'
config/routes.rb:3: syntax error, unexpected local variable or method, expecting `end'
config/routes.rb:3: syntax error, unexpected local variable or method, expecting `end'
Started GET "/" for ::1 at 2022-04-26 13:49:42 -0300
Processing by UsersController#index as HTML
  Rendering layout layouts/application.html.erb
  Rendering users/index.html.erb within layouts/application
  Rendered users/index.html.erb within layouts/application (Duration: 0.3ms | Allocations: 119)
  Rendered layout layouts/application.html.erb (Duration: 10.3ms | Allocations: 13912)
Completed 200 OK in 12ms (Views: 11.3ms | ActiveRecord: 0.0ms | Allocations: 14917)


Started GET "/users" for ::1 at 2022-04-26 13:49:50 -0300
Processing by UsersController#index as HTML
  Rendering layout layouts/application.html.erb
  Rendering users/index.html.erb within layouts/application
  Rendered users/index.html.erb within layouts/application (Duration: 0.1ms | Allocations: 15)
  Rendered layout layouts/application.html.erb (Duration: 5.0ms | Allocations: 2299)
Completed 200 OK in 6ms (Views: 5.7ms | ActiveRecord: 0.0ms | Allocations: 2617)


Started GET "/users/user" for ::1 at 2022-04-26 13:49:57 -0300
  
ActionController::RoutingError (No route matches [GET] "/users/user"):
  
Started GET "/users/1" for ::1 at 2022-04-26 13:50:04 -0300
  
ActionController::RoutingError (No route matches [GET] "/users/1"):
  
Started GET "/user" for ::1 at 2022-04-26 13:50:20 -0300
Processing by UsersController#show as HTML
  Rendering layout layouts/application.html.erb
  Rendering users/show.html.erb within layouts/application
  Rendered users/show.html.erb within layouts/application (Duration: 0.5ms | Allocations: 115)
  Rendered layout layouts/application.html.erb (Duration: 3.5ms | Allocations: 2411)
Completed 200 OK in 5ms (Views: 4.4ms | ActiveRecord: 0.0ms | Allocations: 2789)


Started GET "/users/1" for ::1 at 2022-04-26 14:14:57 -0300
Processing by UsersController#show as HTML
  Parameters: {"id"=>"1"}
  Rendering layout layouts/application.html.erb
  Rendering users/show.html.erb within layouts/application
  Rendered users/show.html.erb within layouts/application (Duration: 6.0ms | Allocations: 119)
  Rendered layout layouts/application.html.erb (Duration: 185.3ms | Allocations: 13912)
Completed 200 OK in 205ms (Views: 203.7ms | Allocations: 14956)


Started GET "/users/1" for ::1 at 2022-04-26 14:22:50 -0300
Processing by UsersController#show as HTML
  Parameters: {"id"=>"1"}
  Rendering layout layouts/application.html.erb
  Rendering users/show.html.erb within layouts/application
  Rendered users/show.html.erb within layouts/application (Duration: 0.8ms | Allocations: 387)
  Rendered layout layouts/application.html.erb (Duration: 123.9ms | Allocations: 34872)
Completed 200 OK in 142ms (Views: 126.5ms | ActiveRecord: 0.0ms | Allocations: 40076)


Started GET "/users" for ::1 at 2022-04-26 14:22:53 -0300
Processing by UsersController#index as HTML
  Rendering layout layouts/application.html.erb
  Rendering users/index.html.erb within layouts/application
  Rendered users/index.html.erb within layouts/application (Duration: 1.9ms | Allocations: 135)
  Rendered layout layouts/application.html.erb (Duration: 10.0ms | Allocations: 2435)
Completed 200 OK in 13ms (Views: 11.3ms | ActiveRecord: 0.0ms | Allocations: 2817)


Started GET "/users/1" for ::1 at 2022-04-26 14:23:12 -0300
Processing by UsersController#show as HTML
  Parameters: {"id"=>"1"}
  Rendering layout layouts/application.html.erb
  Rendering users/show.html.erb within layouts/application
  Rendered users/show.html.erb within layouts/application (Duration: 0.1ms | Allocations: 16)
  Rendered layout layouts/application.html.erb (Duration: 3.1ms | Allocations: 2300)
Completed 200 OK in 4ms (Views: 3.7ms | ActiveRecord: 0.0ms | Allocations: 2625)


Started GET "/users/1" for ::1 at 2022-04-26 14:23:29 -0300
Processing by UsersController#show as HTML
  Parameters: {"id"=>"1"}
  Rendering layout layouts/application.html.erb
  Rendering users/show.html.erb within layouts/application
  Rendered users/show.html.erb within layouts/application (Duration: 0.4ms | Allocations: 135)
  Rendered layout layouts/application.html.erb (Duration: 3.4ms | Allocations: 2707)
Completed 200 OK in 6ms (Views: 4.9ms | ActiveRecord: 0.0ms | Allocations: 3730)


Started GET "/posts" for ::1 at 2022-04-26 14:23:34 -0300
  
SyntaxError (/home/sj1978/Desktop/blogger/blogger-rails/app/controllers/posts_controller.rb:6: syntax error, unexpected '|'
    |@post = "See one post"
    ^
):
  
app/controllers/posts_controller.rb:6: syntax error, unexpected '|'
app/controllers/posts_controller.rb:6: syntax error, unexpected '|'
app/controllers/posts_controller.rb:6: syntax error, unexpected '|'
Started GET "/posts" for ::1 at 2022-04-26 14:23:59 -0300
Processing by PostsController#index as HTML
  Rendering layout layouts/application.html.erb
  Rendering posts/index.html.erb within layouts/application
  Rendered posts/index.html.erb within layouts/application (Duration: 0.3ms | Allocations: 135)
  Rendered layout layouts/application.html.erb (Duration: 9.9ms | Allocations: 13725)
Completed 200 OK in 11ms (Views: 10.9ms | ActiveRecord: 0.0ms | Allocations: 14599)


Started GET "/posts/1" for ::1 at 2022-04-26 14:24:05 -0300
Processing by PostsController#show as HTML
  Parameters: {"id"=>"1"}
  Rendering layout layouts/application.html.erb
  Rendering posts/show.html.erb within layouts/application
  Rendered posts/show.html.erb within layouts/application (Duration: 0.4ms | Allocations: 132)
  Rendered layout layouts/application.html.erb (Duration: 3.0ms | Allocations: 2417)
Completed 200 OK in 4ms (Views: 3.5ms | ActiveRecord: 0.0ms | Allocations: 2793)


Started GET "/" for ::1 at 2022-04-28 10:00:48 -0300
Processing by UsersController#index as HTML
  Rendering layout layouts/application.html.erb
  Rendering users/index.html.erb within layouts/application
  Rendered users/index.html.erb within layouts/application (Duration: 13.0ms | Allocations: 388)
  Rendered layout layouts/application.html.erb (Duration: 307.7ms | Allocations: 34537)
Completed 200 OK in 373ms (Views: 310.7ms | ActiveRecord: 0.0ms | Allocations: 39741)


  [1m[35m (294.9ms)[0m  [1m[35mCREATE TABLE "schema_migrations" ("version" character varying NOT NULL PRIMARY KEY)[0m
  [1m[35m (65.3ms)[0m  [1m[35mCREATE TABLE "ar_internal_metadata" ("key" character varying NOT NULL PRIMARY KEY, "value" character varying, "created_at" timestamp(6) NOT NULL, "updated_at" timestamp(6) NOT NULL)[0m
  [1m[35m (0.7ms)[0m  [1m[34mSELECT pg_try_advisory_lock(5565347226186074040)[0m
  [1m[36mActiveRecord::SchemaMigration Pluck (0.8ms)[0m  [1m[34mSELECT "schema_migrations"."version" FROM "schema_migrations" ORDER BY "schema_migrations"."version" ASC[0m
Migrating to CreateUsers (20220428130430)
  [1m[36mTRANSACTION (0.2ms)[0m  [1m[35mBEGIN[0m
  [1m[35m (59.4ms)[0m  [1m[35mCREATE TABLE "users" ("id" bigserial primary key, "name" character varying, "photo" character varying, "bio" text, "posts_counter" integer, "created_at" timestamp(6) NOT NULL, "updated_at" timestamp(6) NOT NULL)[0m
  [1m[36mActiveRecord::SchemaMigration Create (1.0ms)[0m  [1m[32mINSERT INTO "schema_migrations" ("version") VALUES ($1) RETURNING "version"[0m  [["version", "20220428130430"]]
  [1m[36mTRANSACTION (11.7ms)[0m  [1m[35mCOMMIT[0m
Migrating to CreatePosts (20220428130930)
  [1m[36mTRANSACTION (0.4ms)[0m  [1m[35mBEGIN[0m
  [1m[35m (67.9ms)[0m  [1m[35mCREATE TABLE "posts" ("id" bigserial primary key, "title" character varying, "text" text, "comments_counter" integer, "likes_counter" integer, "created_at" timestamp(6) NOT NULL, "updated_at" timestamp(6) NOT NULL)[0m
  [1m[36mActiveRecord::SchemaMigration Create (0.7ms)[0m  [1m[32mINSERT INTO "schema_migrations" ("version") VALUES ($1) RETURNING "version"[0m  [["version", "20220428130930"]]
  [1m[36mTRANSACTION (9.7ms)[0m  [1m[35mCOMMIT[0m
Migrating to CreateComments (20220428130945)
  [1m[36mTRANSACTION (0.4ms)[0m  [1m[35mBEGIN[0m
  [1m[35m (54.1ms)[0m  [1m[35mCREATE TABLE "comments" ("id" bigserial primary key, "text" text, "created_at" timestamp(6) NOT NULL, "updated_at" timestamp(6) NOT NULL)[0m
  [1m[36mActiveRecord::SchemaMigration Create (0.6ms)[0m  [1m[32mINSERT INTO "schema_migrations" ("version") VALUES ($1) RETURNING "version"[0m  [["version", "20220428130945"]]
  [1m[36mTRANSACTION (14.0ms)[0m  [1m[35mCOMMIT[0m
Migrating to CreateLikes (20220428130956)
  [1m[36mTRANSACTION (0.4ms)[0m  [1m[35mBEGIN[0m
  [1m[35m (62.2ms)[0m  [1m[35mCREATE TABLE "likes" ("id" bigserial primary key, "created_at" timestamp(6) NOT NULL, "updated_at" timestamp(6) NOT NULL)[0m
  [1m[36mActiveRecord::SchemaMigration Create (0.6ms)[0m  [1m[32mINSERT INTO "schema_migrations" ("version") VALUES ($1) RETURNING "version"[0m  [["version", "20220428130956"]]
  [1m[36mTRANSACTION (32.1ms)[0m  [1m[35mCOMMIT[0m
Migrating to AddUserRefToPosts (20220428133859)
  [1m[36mTRANSACTION (0.3ms)[0m  [1m[35mBEGIN[0m
  [1m[35m (0.9ms)[0m  [1m[35mALTER TABLE "posts" ADD "user_id" bigint NOT NULL[0m
  [1m[35m (109.1ms)[0m  [1m[35mCREATE INDEX "index_posts_on_user_id" ON "posts" ("user_id")[0m
  [1m[35m (57.3ms)[0m  [1m[35mALTER TABLE "posts" ADD CONSTRAINT "fk_rails_5b5ddfd518"
FOREIGN KEY ("user_id")
  REFERENCES "users" ("id")
[0m
  [1m[36mActiveRecord::SchemaMigration Create (0.6ms)[0m  [1m[32mINSERT INTO "schema_migrations" ("version") VALUES ($1) RETURNING "version"[0m  [["version", "20220428133859"]]
  [1m[36mTRANSACTION (12.5ms)[0m  [1m[35mCOMMIT[0m
  [1m[36mActiveRecord::InternalMetadata Load (1.0ms)[0m  [1m[34mSELECT "ar_internal_metadata".* FROM "ar_internal_metadata" WHERE "ar_internal_metadata"."key" = $1 LIMIT $2[0m  [["key", "environment"], ["LIMIT", 1]]
  [1m[36mTRANSACTION (0.3ms)[0m  [1m[35mBEGIN[0m
  [1m[36mActiveRecord::InternalMetadata Create (0.8ms)[0m  [1m[32mINSERT INTO "ar_internal_metadata" ("key", "value", "created_at", "updated_at") VALUES ($1, $2, $3, $4) RETURNING "key"[0m  [["key", "environment"], ["value", "development"], ["created_at", "2022-04-28 13:40:40.324234"], ["updated_at", "2022-04-28 13:40:40.324234"]]
  [1m[36mTRANSACTION (4.4ms)[0m  [1m[35mCOMMIT[0m
  [1m[35m (0.4ms)[0m  [1m[34mSELECT pg_advisory_unlock(5565347226186074040)[0m
  [1m[36mActiveRecord::SchemaMigration Pluck (0.6ms)[0m  [1m[34mSELECT "schema_migrations"."version" FROM "schema_migrations" ORDER BY "schema_migrations"."version" ASC[0m
  [1m[35m (0.1ms)[0m  [1m[34mSELECT pg_try_advisory_lock(5565347226186074040)[0m
  [1m[36mActiveRecord::SchemaMigration Pluck (0.4ms)[0m  [1m[34mSELECT "schema_migrations"."version" FROM "schema_migrations" ORDER BY "schema_migrations"."version" ASC[0m
Migrating to AddUserRefToLikes (20220428134540)
  [1m[36mTRANSACTION (0.1ms)[0m  [1m[35mBEGIN[0m
  [1m[35m (0.3ms)[0m  [1m[35mALTER TABLE "likes" ADD "user_id" bigint NOT NULL[0m
  [1m[35m (26.9ms)[0m  [1m[35mCREATE INDEX "index_likes_on_user_id" ON "likes" ("user_id")[0m
  [1m[35m (0.9ms)[0m  [1m[35mALTER TABLE "likes" ADD CONSTRAINT "fk_rails_1e09b5dabf"
FOREIGN KEY ("user_id")
  REFERENCES "users" ("id")
[0m
  [1m[36mActiveRecord::SchemaMigration Create (0.2ms)[0m  [1m[32mINSERT INTO "schema_migrations" ("version") VALUES ($1) RETURNING "version"[0m  [["version", "20220428134540"]]
  [1m[36mTRANSACTION (15.0ms)[0m  [1m[35mCOMMIT[0m
Migrating to AddUserRefToComments (20220428134620)
  [1m[36mTRANSACTION (0.2ms)[0m  [1m[35mBEGIN[0m
  [1m[35m (0.3ms)[0m  [1m[35mALTER TABLE "comments" ADD "user_id" bigint NOT NULL[0m
  [1m[35m (25.9ms)[0m  [1m[35mCREATE INDEX "index_comments_on_user_id" ON "comments" ("user_id")[0m
  [1m[35m (1.1ms)[0m  [1m[35mALTER TABLE "comments" ADD CONSTRAINT "fk_rails_03de2dc08c"
FOREIGN KEY ("user_id")
  REFERENCES "users" ("id")
[0m
  [1m[36mActiveRecord::SchemaMigration Create (0.3ms)[0m  [1m[32mINSERT INTO "schema_migrations" ("version") VALUES ($1) RETURNING "version"[0m  [["version", "20220428134620"]]
  [1m[36mTRANSACTION (7.5ms)[0m  [1m[35mCOMMIT[0m
  [1m[36mActiveRecord::InternalMetadata Load (0.4ms)[0m  [1m[34mSELECT "ar_internal_metadata".* FROM "ar_internal_metadata" WHERE "ar_internal_metadata"."key" = $1 LIMIT $2[0m  [["key", "environment"], ["LIMIT", 1]]
  [1m[35m (0.3ms)[0m  [1m[34mSELECT pg_advisory_unlock(5565347226186074040)[0m
  [1m[36mActiveRecord::SchemaMigration Pluck (0.7ms)[0m  [1m[34mSELECT "schema_migrations"."version" FROM "schema_migrations" ORDER BY "schema_migrations"."version" ASC[0m
  [1m[35m (0.1ms)[0m  [1m[34mSELECT pg_try_advisory_lock(5565347226186074040)[0m
  [1m[36mActiveRecord::SchemaMigration Pluck (0.4ms)[0m  [1m[34mSELECT "schema_migrations"."version" FROM "schema_migrations" ORDER BY "schema_migrations"."version" ASC[0m
Migrating to AddPostRefToComments (20220428134846)
  [1m[36mTRANSACTION (0.1ms)[0m  [1m[35mBEGIN[0m
  [1m[35m (0.3ms)[0m  [1m[35mALTER TABLE "comments" ADD "post_id" bigint NOT NULL[0m
  [1m[35m (28.0ms)[0m  [1m[35mCREATE INDEX "index_comments_on_post_id" ON "comments" ("post_id")[0m
  [1m[35m (12.9ms)[0m  [1m[35mALTER TABLE "comments" ADD CONSTRAINT "fk_rails_2fd19c0db7"
FOREIGN KEY ("post_id")
  REFERENCES "posts" ("id")
[0m
  [1m[36mActiveRecord::SchemaMigration Create (0.3ms)[0m  [1m[32mINSERT INTO "schema_migrations" ("version") VALUES ($1) RETURNING "version"[0m  [["version", "20220428134846"]]
  [1m[36mTRANSACTION (14.1ms)[0m  [1m[35mCOMMIT[0m
Migrating to AddPostRefToLikes (20220428134921)
  [1m[36mTRANSACTION (0.2ms)[0m  [1m[35mBEGIN[0m
  [1m[35m (0.3ms)[0m  [1m[35mALTER TABLE "likes" ADD "post_id" bigint NOT NULL[0m
  [1m[35m (30.4ms)[0m  [1m[35mCREATE INDEX "index_likes_on_post_id" ON "likes" ("post_id")[0m
  [1m[35m (2.4ms)[0m  [1m[35mALTER TABLE "likes" ADD CONSTRAINT "fk_rails_87a8aac469"
FOREIGN KEY ("post_id")
  REFERENCES "posts" ("id")
[0m
  [1m[36mActiveRecord::SchemaMigration Create (0.6ms)[0m  [1m[32mINSERT INTO "schema_migrations" ("version") VALUES ($1) RETURNING "version"[0m  [["version", "20220428134921"]]
  [1m[36mTRANSACTION (11.0ms)[0m  [1m[35mCOMMIT[0m
  [1m[36mActiveRecord::InternalMetadata Load (0.8ms)[0m  [1m[34mSELECT "ar_internal_metadata".* FROM "ar_internal_metadata" WHERE "ar_internal_metadata"."key" = $1 LIMIT $2[0m  [["key", "environment"], ["LIMIT", 1]]
  [1m[35m (0.6ms)[0m  [1m[34mSELECT pg_advisory_unlock(5565347226186074040)[0m
  [1m[36mActiveRecord::SchemaMigration Pluck (0.9ms)[0m  [1m[34mSELECT "schema_migrations"."version" FROM "schema_migrations" ORDER BY "schema_migrations"."version" ASC[0m
Started GET "/" for ::1 at 2022-04-28 10:50:24 -0300
  [1m[36mActiveRecord::SchemaMigration Pluck (0.4ms)[0m  [1m[34mSELECT "schema_migrations"."version" FROM "schema_migrations" ORDER BY "schema_migrations"."version" ASC[0m
Processing by UsersController#index as HTML
  Rendering layout layouts/application.html.erb
  Rendering users/index.html.erb within layouts/application
  Rendered users/index.html.erb within layouts/application (Duration: 0.7ms | Allocations: 388)
  Rendered layout layouts/application.html.erb (Duration: 40.2ms | Allocations: 34826)
Completed 200 OK in 46ms (Views: 42.1ms | ActiveRecord: 0.0ms | Allocations: 40027)


